[INFO] 2025-05-25 14:58:45.561 [Shutdown] - Performance-Statistiken:
[INFO] 2025-05-25 14:58:45.590 [Shutdown] - - Operationen: 3
[INFO] 2025-05-25 14:58:45.631 [Shutdown] - - Fehler: 0
[INFO] 2025-05-25 14:58:45.638 [Shutdown] - - Fehlerrate: 0%
[INFO] 2025-05-25 14:58:45.647 [Shutdown] - easyDNS WPF beendet
[INFO] 2025-05-25 15:00:27.427 [Detection] - Lokaler DNS-Server erkannt - Automatische Verbindung wird hergestellt
[INFO] 2025-05-25 15:00:27.876 [General] - WPF XAML erfolgreich geladen
[INFO] 2025-05-25 15:00:27.912 [General] - Starte easyDNS WPF GUI...
[INFO] 2025-05-25 15:00:27.975 [General] - Erkannter DNS-Server: localhost
[INFO] 2025-05-25 15:00:28.096 [Navigation] - Panel-Wechsel zu 'dashboardPanel' - DNS-Verbindung: True
[INFO] 2025-05-25 15:00:28.126 [General] - easyDNS WPF gestartet
[INFO] 2025-05-25 15:00:28.159 [General] - Stelle automatische Verbindung zu lokalem DNS-Server her...
[INFO] 2025-05-25 15:00:28.206 [General] - Automatische Verbindung zu lokalem DNS-Server erfolgreich
[INFO] 2025-05-25 15:00:31.037 [DNS] - DNS-Zonen abgerufen: 6 Zonen von Server localhost
[INFO] 2025-05-25 15:00:34.659 [Navigation] - Panel-Wechsel zu 'forwardPanel' - DNS-Verbindung: True
[INFO] 2025-05-25 15:00:34.667 [Navigation] - Panel-Wechsel zu 'forwardPanel' - DNS-Verbindung: True
[INFO] 2025-05-25 15:00:41.591 [Navigation] - Panel-Wechsel zu 'reversePanel' - DNS-Verbindung: True
[INFO] 2025-05-25 15:00:41.601 [Navigation] - Panel-Wechsel zu 'reversePanel' - DNS-Verbindung: True
[INFO] 2025-05-25 15:00:42.796 [Navigation] - Panel-Wechsel zu 'forwardPanel' - DNS-Verbindung: True
[INFO] 2025-05-25 15:00:42.805 [Navigation] - Panel-Wechsel zu 'forwardPanel' - DNS-Verbindung: True
[INFO] 2025-05-25 15:00:43.299 [Navigation] - Panel-Wechsel zu 'reversePanel' - DNS-Verbindung: True
[INFO] 2025-05-25 15:00:43.334 [Navigation] - Panel-Wechsel zu 'reversePanel' - DNS-Verbindung: True
[INFO] 2025-05-25 15:00:43.785 [Navigation] - Panel-Wechsel zu 'recordsPanel' - DNS-Verbindung: True
[INFO] 2025-05-25 15:00:43.795 [Navigation] - Panel-Wechsel zu 'recordsPanel' - DNS-Verbindung: True
[INFO] 2025-05-25 15:00:44.461 [Navigation] - Panel-Wechsel zu 'importPanel' - DNS-Verbindung: True
[INFO] 2025-05-25 15:00:44.476 [Navigation] - Panel-Wechsel zu 'importPanel' - DNS-Verbindung: True
[INFO] 2025-05-25 15:00:45.166 [Navigation] - Panel-Wechsel zu 'dnssecPanel' - DNS-Verbindung: True
[INFO] 2025-05-25 15:00:45.175 [Navigation] - Panel-Wechsel zu 'dnssecPanel' - DNS-Verbindung: True
[INFO] 2025-05-25 15:00:46.681 [Navigation] - Panel-Wechsel zu 'toolsPanel' - DNS-Verbindung: True
[INFO] 2025-05-25 15:00:46.691 [Navigation] - Panel-Wechsel zu 'toolsPanel' - DNS-Verbindung: True
[INFO] 2025-05-25 15:00:47.401 [Navigation] - Panel-Wechsel zu 'forwardPanel' - DNS-Verbindung: True
[INFO] 2025-05-25 15:00:47.407 [Navigation] - Panel-Wechsel zu 'forwardPanel' - DNS-Verbindung: True
[INFO] 2025-05-25 15:00:48.345 [DNS] - DNS-Zonen abgerufen: 6 Zonen von Server localhost
[INFO] 2025-05-25 15:00:48.353 [General] - Forward-Zonen-Liste aktualisiert: 3 Zonen
[INFO] 2025-05-25 15:01:06.478 [Navigation] - Panel-Wechsel zu 'dashboardPanel' - DNS-Verbindung: True
[INFO] 2025-05-25 15:01:06.499 [Navigation] - Panel-Wechsel zu 'dashboardPanel' - DNS-Verbindung: True
[INFO] 2025-05-25 15:02:35.488 [Shutdown] - Performance-Statistiken:
[INFO] 2025-05-25 15:02:35.506 [Shutdown] - - Operationen: 3
[INFO] 2025-05-25 15:02:35.514 [Shutdown] - - Fehler: 0
[INFO] 2025-05-25 15:02:35.522 [Shutdown] - - Fehlerrate: 0%
[INFO] 2025-05-25 15:02:35.533 [Shutdown] - easyDNS WPF beendet
[INFO] 2025-05-25 15:19:34.813 [Detection] - Lokaler DNS-Server erkannt - Automatische Verbindung wird hergestellt
[INFO] 2025-05-25 15:19:35.249 [General] - WPF XAML erfolgreich geladen
[INFO] 2025-05-25 15:19:35.311 [General] - Starte easyDNS WPF GUI...
[INFO] 2025-05-25 15:19:35.330 [General] - Erkannter DNS-Server: localhost
[INFO] 2025-05-25 15:19:35.338 [Navigation] - Show-Panel aufgerufen mit: dashboard
[INFO] 2025-05-25 15:19:35.347 [Navigation] - Panel dashboardPanel ist jetzt sichtbar
[WARN] 2025-05-25 15:19:35.354 [Navigation] - WARNUNG: Nav-Button btnDashboardpanel nicht gefunden
[INFO] 2025-05-25 15:19:35.466 [Navigation] - Panel-Wechsel zu 'dashboardPanel' - DNS-Verbindung: True
[INFO] 2025-05-25 15:19:35.503 [General] - easyDNS WPF gestartet
[INFO] 2025-05-25 15:19:35.526 [General] - Stelle automatische Verbindung zu lokalem DNS-Server her...
[INFO] 2025-05-25 15:19:35.579 [General] - Automatische Verbindung zu lokalem DNS-Server erfolgreich
[INFO] 2025-05-25 15:19:37.727 [DNS] - DNS-Zonen abgerufen: 6 Zonen von Server localhost
[INFO] 2025-05-25 15:20:21.351 [Shutdown] - Performance-Statistiken:
[INFO] 2025-05-25 15:20:21.378 [Shutdown] - - Operationen: 2
[INFO] 2025-05-25 15:20:21.386 [Shutdown] - - Fehler: 0
[INFO] 2025-05-25 15:20:21.395 [Shutdown] - - Fehlerrate: 0%
[INFO] 2025-05-25 15:20:21.421 [Shutdown] - easyDNS WPF beendet
[INFO] 2025-05-25 15:20:24.384 [Detection] - Lokaler DNS-Server erkannt - Automatische Verbindung wird hergestellt
[INFO] 2025-05-25 15:20:24.791 [General] - WPF XAML erfolgreich geladen
[INFO] 2025-05-25 15:20:24.828 [General] - Starte easyDNS WPF GUI...
[INFO] 2025-05-25 15:20:24.855 [General] - Erkannter DNS-Server: localhost
[INFO] 2025-05-25 15:20:24.875 [Navigation] - Show-Panel aufgerufen mit: dashboard
[INFO] 2025-05-25 15:20:24.885 [Navigation] - Panel dashboardPanel ist jetzt sichtbar
[WARN] 2025-05-25 15:20:24.892 [Navigation] - WARNUNG: Nav-Button btnDashboardpanel nicht gefunden
[INFO] 2025-05-25 15:20:24.911 [Navigation] - Panel-Wechsel zu 'dashboardPanel' - DNS-Verbindung: True
[INFO] 2025-05-25 15:20:24.941 [General] - easyDNS WPF gestartet
[INFO] 2025-05-25 15:20:24.955 [General] - Stelle automatische Verbindung zu lokalem DNS-Server her...
[INFO] 2025-05-25 15:20:25.019 [General] - Automatische Verbindung zu lokalem DNS-Server erfolgreich
[INFO] 2025-05-25 15:20:27.161 [DNS] - DNS-Zonen abgerufen: 6 Zonen von Server localhost
[INFO] 2025-05-25 15:20:36.747 [Shutdown] - Performance-Statistiken:
[INFO] 2025-05-25 15:20:36.758 [Shutdown] - - Operationen: 2
[INFO] 2025-05-25 15:20:36.769 [Shutdown] - - Fehler: 0
[INFO] 2025-05-25 15:20:36.776 [Shutdown] - - Fehlerrate: 0%
[INFO] 2025-05-25 15:20:36.795 [Shutdown] - easyDNS WPF beendet
[INFO] 2025-05-25 15:20:39.922 [Detection] - Lokaler DNS-Server erkannt - Automatische Verbindung wird hergestellt
[INFO] 2025-05-25 15:20:40.334 [General] - WPF XAML erfolgreich geladen
[INFO] 2025-05-25 15:20:40.370 [General] - Starte easyDNS WPF GUI...
[INFO] 2025-05-25 15:20:40.394 [General] - Erkannter DNS-Server: localhost
[INFO] 2025-05-25 15:20:40.422 [Navigation] - Show-Panel aufgerufen mit: dashboard
[INFO] 2025-05-25 15:20:40.430 [Navigation] - Panel dashboardPanel ist jetzt sichtbar
[WARN] 2025-05-25 15:20:40.436 [Navigation] - WARNUNG: Nav-Button btnDashboardpanel nicht gefunden
[INFO] 2025-05-25 15:20:40.458 [Navigation] - Panel-Wechsel zu 'dashboardPanel' - DNS-Verbindung: True
[INFO] 2025-05-25 15:20:40.487 [General] - easyDNS WPF gestartet
[INFO] 2025-05-25 15:20:40.509 [General] - Stelle automatische Verbindung zu lokalem DNS-Server her...
[INFO] 2025-05-25 15:20:40.561 [General] - Automatische Verbindung zu lokalem DNS-Server erfolgreich
[INFO] 2025-05-25 15:20:42.687 [DNS] - DNS-Zonen abgerufen: 6 Zonen von Server localhost
[INFO] 2025-05-25 15:20:51.400 [Shutdown] - Performance-Statistiken:
[INFO] 2025-05-25 15:20:51.418 [Shutdown] - - Operationen: 2
[INFO] 2025-05-25 15:20:51.434 [Shutdown] - - Fehler: 0
[INFO] 2025-05-25 15:20:51.448 [Shutdown] - - Fehlerrate: 0%
[INFO] 2025-05-25 15:20:51.466 [Shutdown] - easyDNS WPF beendet
[INFO] 2025-05-25 15:20:54.825 [Detection] - Lokaler DNS-Server erkannt - Automatische Verbindung wird hergestellt
[INFO] 2025-05-25 15:20:55.248 [General] - WPF XAML erfolgreich geladen
[INFO] 2025-05-25 15:20:55.285 [General] - Starte easyDNS WPF GUI...
[INFO] 2025-05-25 15:20:55.305 [General] - Erkannter DNS-Server: localhost
[INFO] 2025-05-25 15:20:55.314 [Navigation] - Show-Panel aufgerufen mit: dashboard
[INFO] 2025-05-25 15:20:55.321 [Navigation] - Panel dashboardPanel ist jetzt sichtbar
[WARN] 2025-05-25 15:20:55.327 [Navigation] - WARNUNG: Nav-Button btnDashboardpanel nicht gefunden
[INFO] 2025-05-25 15:20:55.348 [Navigation] - Panel-Wechsel zu 'dashboardPanel' - DNS-Verbindung: True
[INFO] 2025-05-25 15:20:55.377 [General] - easyDNS WPF gestartet
[INFO] 2025-05-25 15:20:55.397 [General] - Stelle automatische Verbindung zu lokalem DNS-Server her...
[INFO] 2025-05-25 15:20:55.454 [General] - Automatische Verbindung zu lokalem DNS-Server erfolgreich
[INFO] 2025-05-25 15:20:57.604 [DNS] - DNS-Zonen abgerufen: 6 Zonen von Server localhost
[INFO] 2025-05-25 15:21:04.863 [Shutdown] - Performance-Statistiken:
[INFO] 2025-05-25 15:21:04.878 [Shutdown] - - Operationen: 2
[INFO] 2025-05-25 15:21:04.889 [Shutdown] - - Fehler: 0
[INFO] 2025-05-25 15:21:04.897 [Shutdown] - - Fehlerrate: 0%
[INFO] 2025-05-25 15:21:04.913 [Shutdown] - easyDNS WPF beendet
[INFO] 2025-05-25 15:21:07.615 [Detection] - Lokaler DNS-Server erkannt - Automatische Verbindung wird hergestellt
[INFO] 2025-05-25 15:21:08.047 [General] - WPF XAML erfolgreich geladen
[INFO] 2025-05-25 15:21:08.085 [General] - Starte easyDNS WPF GUI...
[INFO] 2025-05-25 15:21:08.111 [General] - Erkannter DNS-Server: localhost
[INFO] 2025-05-25 15:21:08.134 [Navigation] - Show-Panel aufgerufen mit: dashboard
[INFO] 2025-05-25 15:21:08.142 [Navigation] - Panel dashboardPanel ist jetzt sichtbar
[WARN] 2025-05-25 15:21:08.148 [Navigation] - WARNUNG: Nav-Button btnDashboardpanel nicht gefunden
[INFO] 2025-05-25 15:21:08.169 [Navigation] - Panel-Wechsel zu 'dashboardPanel' - DNS-Verbindung: True
[INFO] 2025-05-25 15:21:08.203 [General] - easyDNS WPF gestartet
[INFO] 2025-05-25 15:21:08.222 [General] - Stelle automatische Verbindung zu lokalem DNS-Server her...
[INFO] 2025-05-25 15:21:08.268 [General] - Automatische Verbindung zu lokalem DNS-Server erfolgreich
[INFO] 2025-05-25 15:21:10.410 [DNS] - DNS-Zonen abgerufen: 6 Zonen von Server localhost
[INFO] 2025-05-25 15:21:17.510 [Shutdown] - Performance-Statistiken:
[INFO] 2025-05-25 15:21:17.527 [Shutdown] - - Operationen: 2
[INFO] 2025-05-25 15:21:17.544 [Shutdown] - - Fehler: 0
[INFO] 2025-05-25 15:21:17.555 [Shutdown] - - Fehlerrate: 0%
[INFO] 2025-05-25 15:21:17.580 [Shutdown] - easyDNS WPF beendet
[INFO] 2025-05-25 15:21:20.366 [Detection] - Lokaler DNS-Server erkannt - Automatische Verbindung wird hergestellt
[INFO] 2025-05-25 15:21:20.802 [General] - WPF XAML erfolgreich geladen
[INFO] 2025-05-25 15:21:20.875 [General] - Starte easyDNS WPF GUI...
[INFO] 2025-05-25 15:21:20.896 [General] - Erkannter DNS-Server: localhost
[INFO] 2025-05-25 15:21:20.943 [Navigation] - Show-Panel aufgerufen mit: dashboard
[INFO] 2025-05-25 15:21:20.954 [Navigation] - Panel dashboardPanel ist jetzt sichtbar
[WARN] 2025-05-25 15:21:20.964 [Navigation] - WARNUNG: Nav-Button btnDashboardpanel nicht gefunden
[INFO] 2025-05-25 15:21:20.988 [Navigation] - Panel-Wechsel zu 'dashboardPanel' - DNS-Verbindung: True
[INFO] 2025-05-25 15:21:21.019 [General] - easyDNS WPF gestartet
[INFO] 2025-05-25 15:21:21.045 [General] - Stelle automatische Verbindung zu lokalem DNS-Server her...
[INFO] 2025-05-25 15:21:21.092 [General] - Automatische Verbindung zu lokalem DNS-Server erfolgreich
[INFO] 2025-05-25 15:21:23.256 [DNS] - DNS-Zonen abgerufen: 6 Zonen von Server localhost
[INFO] 2025-05-25 15:21:49.899 [Shutdown] - Performance-Statistiken:
[INFO] 2025-05-25 15:21:49.917 [Shutdown] - - Operationen: 2
[INFO] 2025-05-25 15:21:49.926 [Shutdown] - - Fehler: 0
[INFO] 2025-05-25 15:21:49.932 [Shutdown] - - Fehlerrate: 0%
[INFO] 2025-05-25 15:21:49.945 [Shutdown] - easyDNS WPF beendet
[INFO] 2025-05-25 15:21:52.473 [Detection] - Lokaler DNS-Server erkannt - Automatische Verbindung wird hergestellt
[INFO] 2025-05-25 15:21:52.889 [General] - WPF XAML erfolgreich geladen
[INFO] 2025-05-25 15:21:52.975 [General] - Starte easyDNS WPF GUI...
[INFO] 2025-05-25 15:21:52.988 [General] - Erkannter DNS-Server: localhost
[INFO] 2025-05-25 15:21:53.033 [Navigation] - Show-Panel aufgerufen mit: dashboard
[INFO] 2025-05-25 15:21:53.044 [Navigation] - Panel dashboardPanel ist jetzt sichtbar
[WARN] 2025-05-25 15:21:53.050 [Navigation] - WARNUNG: Nav-Button btnDashboardpanel nicht gefunden
[INFO] 2025-05-25 15:21:53.073 [Navigation] - Panel-Wechsel zu 'dashboardPanel' - DNS-Verbindung: True
[INFO] 2025-05-25 15:21:53.113 [General] - easyDNS WPF gestartet
[INFO] 2025-05-25 15:21:53.124 [General] - Stelle automatische Verbindung zu lokalem DNS-Server her...
[INFO] 2025-05-25 15:21:53.178 [General] - Automatische Verbindung zu lokalem DNS-Server erfolgreich
[INFO] 2025-05-25 15:21:55.305 [DNS] - DNS-Zonen abgerufen: 6 Zonen von Server localhost
[INFO] 2025-05-25 15:22:04.643 [Shutdown] - Performance-Statistiken:
[INFO] 2025-05-25 15:22:04.657 [Shutdown] - - Operationen: 2
[INFO] 2025-05-25 15:22:04.666 [Shutdown] - - Fehler: 0
[INFO] 2025-05-25 15:22:04.673 [Shutdown] - - Fehlerrate: 0%
[INFO] 2025-05-25 15:22:04.701 [Shutdown] - easyDNS WPF beendet
[INFO] 2025-05-25 15:22:07.541 [Detection] - Lokaler DNS-Server erkannt - Automatische Verbindung wird hergestellt
[INFO] 2025-05-25 15:22:07.963 [General] - WPF XAML erfolgreich geladen
[INFO] 2025-05-25 15:22:07.997 [General] - Starte easyDNS WPF GUI...
[INFO] 2025-05-25 15:22:08.033 [General] - Erkannter DNS-Server: localhost
[INFO] 2025-05-25 15:22:08.044 [Navigation] - Show-Panel aufgerufen mit: dashboard
[INFO] 2025-05-25 15:22:08.050 [Navigation] - Panel dashboardPanel ist jetzt sichtbar
[WARN] 2025-05-25 15:22:08.057 [Navigation] - WARNUNG: Nav-Button btnDashboardpanel nicht gefunden
[INFO] 2025-05-25 15:22:08.075 [Navigation] - Panel-Wechsel zu 'dashboardPanel' - DNS-Verbindung: True
[INFO] 2025-05-25 15:22:08.108 [General] - easyDNS WPF gestartet
[INFO] 2025-05-25 15:22:08.128 [General] - Stelle automatische Verbindung zu lokalem DNS-Server her...
[INFO] 2025-05-25 15:22:08.175 [General] - Automatische Verbindung zu lokalem DNS-Server erfolgreich
[INFO] 2025-05-25 15:22:10.274 [DNS] - DNS-Zonen abgerufen: 6 Zonen von Server localhost
[INFO] 2025-05-25 15:22:49.595 [Shutdown] - Performance-Statistiken:
[INFO] 2025-05-25 15:22:49.611 [Shutdown] - - Operationen: 2
[INFO] 2025-05-25 15:22:49.617 [Shutdown] - - Fehler: 0
[INFO] 2025-05-25 15:22:49.624 [Shutdown] - - Fehlerrate: 0%
[INFO] 2025-05-25 15:22:49.642 [Shutdown] - easyDNS WPF beendet
[INFO] 2025-05-25 15:22:51.941 [Detection] - Lokaler DNS-Server erkannt - Automatische Verbindung wird hergestellt
[INFO] 2025-05-25 15:22:52.349 [General] - WPF XAML erfolgreich geladen
[INFO] 2025-05-25 15:22:52.382 [General] - Starte easyDNS WPF GUI...
[INFO] 2025-05-25 15:22:52.413 [General] - Erkannter DNS-Server: localhost
[INFO] 2025-05-25 15:22:52.422 [Navigation] - Show-Panel aufgerufen mit: dashboard
[INFO] 2025-05-25 15:22:52.430 [Navigation] - Panel dashboardPanel ist jetzt sichtbar
[WARN] 2025-05-25 15:22:52.438 [Navigation] - WARNUNG: Nav-Button btnDashboardpanel nicht gefunden
[INFO] 2025-05-25 15:22:52.455 [Navigation] - Panel-Wechsel zu 'dashboardPanel' - DNS-Verbindung: True
[INFO] 2025-05-25 15:22:52.482 [General] - easyDNS WPF gestartet
[INFO] 2025-05-25 15:22:52.506 [General] - Stelle automatische Verbindung zu lokalem DNS-Server her...
[INFO] 2025-05-25 15:22:52.569 [General] - Automatische Verbindung zu lokalem DNS-Server erfolgreich
[INFO] 2025-05-25 15:22:54.679 [DNS] - DNS-Zonen abgerufen: 6 Zonen von Server localhost
[INFO] 2025-05-25 15:23:11.303 [Shutdown] - Performance-Statistiken:
[INFO] 2025-05-25 15:23:11.319 [Shutdown] - - Operationen: 2
[INFO] 2025-05-25 15:23:11.325 [Shutdown] - - Fehler: 0
[INFO] 2025-05-25 15:23:11.334 [Shutdown] - - Fehlerrate: 0%
[INFO] 2025-05-25 15:23:11.346 [Shutdown] - easyDNS WPF beendet
[INFO] 2025-05-25 15:23:14.398 [Detection] - Lokaler DNS-Server erkannt - Automatische Verbindung wird hergestellt
[INFO] 2025-05-25 15:23:14.800 [General] - WPF XAML erfolgreich geladen
[INFO] 2025-05-25 15:23:14.836 [General] - Starte easyDNS WPF GUI...
[INFO] 2025-05-25 15:23:14.868 [General] - Erkannter DNS-Server: localhost
[INFO] 2025-05-25 15:23:14.877 [Navigation] - Show-Panel aufgerufen mit: dashboard
[INFO] 2025-05-25 15:23:14.883 [Navigation] - Panel dashboardPanel ist jetzt sichtbar
[WARN] 2025-05-25 15:23:14.890 [Navigation] - WARNUNG: Nav-Button btnDashboardpanel nicht gefunden
[INFO] 2025-05-25 15:23:14.908 [Navigation] - Panel-Wechsel zu 'dashboardPanel' - DNS-Verbindung: True
[INFO] 2025-05-25 15:23:14.942 [General] - easyDNS WPF gestartet
[INFO] 2025-05-25 15:23:14.959 [General] - Stelle automatische Verbindung zu lokalem DNS-Server her...
[INFO] 2025-05-25 15:23:14.996 [General] - Automatische Verbindung zu lokalem DNS-Server erfolgreich
[INFO] 2025-05-25 15:23:17.113 [DNS] - DNS-Zonen abgerufen: 6 Zonen von Server localhost
[INFO] 2025-05-25 15:23:24.416 [Shutdown] - Performance-Statistiken:
[INFO] 2025-05-25 15:23:24.427 [Shutdown] - - Operationen: 2
[INFO] 2025-05-25 15:23:24.437 [Shutdown] - - Fehler: 0
[INFO] 2025-05-25 15:23:24.444 [Shutdown] - - Fehlerrate: 0%
[INFO] 2025-05-25 15:23:24.460 [Shutdown] - easyDNS WPF beendet
[INFO] 2025-05-25 15:23:26.774 [Detection] - Lokaler DNS-Server erkannt - Automatische Verbindung wird hergestellt
[INFO] 2025-05-25 15:23:27.180 [General] - WPF XAML erfolgreich geladen
[INFO] 2025-05-25 15:23:27.213 [General] - Starte easyDNS WPF GUI...
[INFO] 2025-05-25 15:23:27.252 [General] - Erkannter DNS-Server: localhost
[INFO] 2025-05-25 15:23:27.263 [Navigation] - Show-Panel aufgerufen mit: dashboard
[INFO] 2025-05-25 15:23:27.274 [Navigation] - Panel dashboardPanel ist jetzt sichtbar
[WARN] 2025-05-25 15:23:27.295 [Navigation] - WARNUNG: Nav-Button btnDashboardpanel nicht gefunden
[INFO] 2025-05-25 15:23:27.333 [Navigation] - Panel-Wechsel zu 'dashboardPanel' - DNS-Verbindung: True
[INFO] 2025-05-25 15:23:27.365 [General] - easyDNS WPF gestartet
[INFO] 2025-05-25 15:23:27.385 [General] - Stelle automatische Verbindung zu lokalem DNS-Server her...
[INFO] 2025-05-25 15:23:27.418 [General] - Automatische Verbindung zu lokalem DNS-Server erfolgreich
[INFO] 2025-05-25 15:23:29.520 [DNS] - DNS-Zonen abgerufen: 6 Zonen von Server localhost
[INFO] 2025-05-25 15:23:39.303 [Shutdown] - Performance-Statistiken:
[INFO] 2025-05-25 15:23:39.319 [Shutdown] - - Operationen: 2
[INFO] 2025-05-25 15:23:39.326 [Shutdown] - - Fehler: 0
[INFO] 2025-05-25 15:23:39.331 [Shutdown] - - Fehlerrate: 0%
[INFO] 2025-05-25 15:23:39.346 [Shutdown] - easyDNS WPF beendet
[INFO] 2025-05-25 15:23:42.454 [Detection] - Lokaler DNS-Server erkannt - Automatische Verbindung wird hergestellt
[INFO] 2025-05-25 15:23:42.861 [General] - WPF XAML erfolgreich geladen
[INFO] 2025-05-25 15:23:42.895 [General] - Starte easyDNS WPF GUI...
[INFO] 2025-05-25 15:23:42.905 [General] - Erkannter DNS-Server: localhost
[INFO] 2025-05-25 15:23:42.913 [Navigation] - Show-Panel aufgerufen mit: dashboard
[INFO] 2025-05-25 15:23:42.921 [Navigation] - Panel dashboardPanel ist jetzt sichtbar
[WARN] 2025-05-25 15:23:42.933 [Navigation] - WARNUNG: Nav-Button btnDashboardpanel nicht gefunden
[INFO] 2025-05-25 15:23:42.951 [Navigation] - Panel-Wechsel zu 'dashboardPanel' - DNS-Verbindung: True
[INFO] 2025-05-25 15:23:42.978 [General] - easyDNS WPF gestartet
[INFO] 2025-05-25 15:23:42.999 [General] - Stelle automatische Verbindung zu lokalem DNS-Server her...
[INFO] 2025-05-25 15:23:43.048 [General] - Automatische Verbindung zu lokalem DNS-Server erfolgreich
[INFO] 2025-05-25 15:23:45.141 [DNS] - DNS-Zonen abgerufen: 6 Zonen von Server localhost
[INFO] 2025-05-25 15:23:52.206 [Shutdown] - Performance-Statistiken:
[INFO] 2025-05-25 15:23:52.219 [Shutdown] - - Operationen: 2
[INFO] 2025-05-25 15:23:52.227 [Shutdown] - - Fehler: 0
[INFO] 2025-05-25 15:23:52.235 [Shutdown] - - Fehlerrate: 0%
[INFO] 2025-05-25 15:23:52.245 [Shutdown] - easyDNS WPF beendet
[INFO] 2025-05-25 15:23:54.835 [Detection] - Lokaler DNS-Server erkannt - Automatische Verbindung wird hergestellt
[INFO] 2025-05-25 15:23:55.235 [General] - WPF XAML erfolgreich geladen
[INFO] 2025-05-25 15:23:55.269 [General] - Starte easyDNS WPF GUI...
[INFO] 2025-05-25 15:23:55.301 [General] - Erkannter DNS-Server: localhost
[INFO] 2025-05-25 15:23:55.312 [Navigation] - Show-Panel aufgerufen mit: dashboard
[INFO] 2025-05-25 15:23:55.319 [Navigation] - Panel dashboardPanel ist jetzt sichtbar
[WARN] 2025-05-25 15:23:55.331 [Navigation] - WARNUNG: Nav-Button btnDashboardpanel nicht gefunden
[INFO] 2025-05-25 15:23:55.349 [Navigation] - Panel-Wechsel zu 'dashboardPanel' - DNS-Verbindung: True
[INFO] 2025-05-25 15:23:55.377 [General] - easyDNS WPF gestartet
[INFO] 2025-05-25 15:23:55.396 [General] - Stelle automatische Verbindung zu lokalem DNS-Server her...
[INFO] 2025-05-25 15:23:55.441 [General] - Automatische Verbindung zu lokalem DNS-Server erfolgreich
[INFO] 2025-05-25 15:23:57.542 [DNS] - DNS-Zonen abgerufen: 6 Zonen von Server localhost
[INFO] 2025-05-25 15:25:16.099 [Navigation] - Navigation-Button geklickt: Forward Zones
[INFO] 2025-05-25 15:25:16.108 [Navigation] - Show-Panel aufgerufen mit: forward
[INFO] 2025-05-25 15:25:16.115 [Navigation] - Panel forwardPanel ist jetzt sichtbar
[WARN] 2025-05-25 15:25:16.122 [Navigation] - WARNUNG: Nav-Button btnForwardpanel nicht gefunden
[INFO] 2025-05-25 15:25:16.234 [Navigation] - Panel-Wechsel zu 'forwardPanel' - DNS-Verbindung: True
[INFO] 2025-05-25 15:25:18.083 [DNS] - DNS-Zonen abgerufen: 6 Zonen von Server localhost
[INFO] 2025-05-25 15:25:18.092 [General] - Forward-Zonen-Liste aktualisiert: 3 Zonen
[INFO] 2025-05-25 15:25:19.631 [Navigation] - Navigation-Button geklickt: Reverse Zones
[INFO] 2025-05-25 15:25:19.645 [Navigation] - Show-Panel aufgerufen mit: reverse
[INFO] 2025-05-25 15:25:19.660 [Navigation] - Panel reversePanel ist jetzt sichtbar
[WARN] 2025-05-25 15:25:19.666 [Navigation] - WARNUNG: Nav-Button btnReversepanel nicht gefunden
[INFO] 2025-05-25 15:25:19.672 [Navigation] - Panel-Wechsel zu 'reversePanel' - DNS-Verbindung: True
[INFO] 2025-05-25 15:25:21.007 [DNS] - DNS-Zonen abgerufen: 6 Zonen von Server localhost
[INFO] 2025-05-25 15:25:21.030 [General] - Reverse-Zonen-Liste aktualisiert: 3 Zonen
[INFO] 2025-05-25 15:25:22.576 [Navigation] - Navigation-Button geklickt: DNS Records
[INFO] 2025-05-25 15:25:22.585 [Navigation] - Show-Panel aufgerufen mit: records
[INFO] 2025-05-25 15:25:22.592 [Navigation] - Panel recordsPanel ist jetzt sichtbar
[WARN] 2025-05-25 15:25:22.598 [Navigation] - WARNUNG: Nav-Button btnRecordspanel nicht gefunden
[INFO] 2025-05-25 15:25:22.613 [Navigation] - Panel-Wechsel zu 'recordsPanel' - DNS-Verbindung: True
[INFO] 2025-05-25 15:25:24.290 [DNS] - DNS-Zonen abgerufen: 6 Zonen von Server localhost
[INFO] 2025-05-25 15:25:28.527 [Navigation] - Navigation-Button geklickt: Import/Export
[INFO] 2025-05-25 15:25:28.536 [Navigation] - Show-Panel aufgerufen mit: import
[INFO] 2025-05-25 15:25:28.544 [Navigation] - Panel importPanel ist jetzt sichtbar
[WARN] 2025-05-25 15:25:28.556 [Navigation] - WARNUNG: Nav-Button btnImportpanel nicht gefunden
[INFO] 2025-05-25 15:25:28.562 [Navigation] - Panel-Wechsel zu 'importPanel' - DNS-Verbindung: True
[INFO] 2025-05-25 15:25:29.123 [Navigation] - Navigation-Button geklickt: DNSSEC
[INFO] 2025-05-25 15:25:29.133 [Navigation] - Show-Panel aufgerufen mit: dnssec
[INFO] 2025-05-25 15:25:29.140 [Navigation] - Panel dnssecPanel ist jetzt sichtbar
[WARN] 2025-05-25 15:25:29.146 [Navigation] - WARNUNG: Nav-Button btnDnssecpanel nicht gefunden
[INFO] 2025-05-25 15:25:29.151 [Navigation] - Panel-Wechsel zu 'dnssecPanel' - DNS-Verbindung: True
[INFO] 2025-05-25 15:25:30.747 [DNS] - DNS-Zonen abgerufen: 6 Zonen von Server localhost
[INFO] 2025-05-25 15:25:30.785 [General] - DNSSEC-Status aktualisiert fuer 3 Zonen
[INFO] 2025-05-25 15:25:32.338 [Navigation] - Navigation-Button geklickt: Diagnostic Tools
[INFO] 2025-05-25 15:25:32.347 [Navigation] - Show-Panel aufgerufen mit: tools
[INFO] 2025-05-25 15:25:32.355 [Navigation] - Panel toolsPanel ist jetzt sichtbar
[WARN] 2025-05-25 15:25:32.363 [Navigation] - WARNUNG: Nav-Button btnToolspanel nicht gefunden
[INFO] 2025-05-25 15:25:32.371 [Navigation] - Panel-Wechsel zu 'toolsPanel' - DNS-Verbindung: True
[INFO] 2025-05-25 15:25:33.090 [Navigation] - Navigation-Button geklickt: Audit and Logs
[INFO] 2025-05-25 15:25:33.101 [Navigation] - Show-Panel aufgerufen mit: audit
[INFO] 2025-05-25 15:25:33.109 [Navigation] - Panel auditPanel ist jetzt sichtbar
[WARN] 2025-05-25 15:25:33.115 [Navigation] - WARNUNG: Nav-Button btnAuditpanel nicht gefunden
[INFO] 2025-05-25 15:25:33.121 [Navigation] - Panel-Wechsel zu 'auditPanel' - DNS-Verbindung: True
[INFO] 2025-05-25 15:25:34.207 [Navigation] - Navigation-Button geklickt: Import/Export
[INFO] 2025-05-25 15:25:34.217 [Navigation] - Show-Panel aufgerufen mit: import
[INFO] 2025-05-25 15:25:34.223 [Navigation] - Panel importPanel ist jetzt sichtbar
[WARN] 2025-05-25 15:25:34.229 [Navigation] - WARNUNG: Nav-Button btnImportpanel nicht gefunden
[INFO] 2025-05-25 15:25:34.234 [Navigation] - Panel-Wechsel zu 'importPanel' - DNS-Verbindung: True
[INFO] 2025-05-25 15:27:08.545 [Shutdown] - Performance-Statistiken:
[INFO] 2025-05-25 15:27:08.556 [Shutdown] - - Operationen: 6
[INFO] 2025-05-25 15:27:08.566 [Shutdown] - - Fehler: 0
[INFO] 2025-05-25 15:27:08.572 [Shutdown] - - Fehlerrate: 0%
[INFO] 2025-05-25 15:27:08.587 [Shutdown] - easyDNS WPF beendet
[INFO] 2025-05-25 15:28:12.298 [Detection] - Lokaler DNS-Server erkannt - Automatische Verbindung wird hergestellt
[INFO] 2025-05-25 15:28:12.744 [General] - WPF XAML erfolgreich geladen
[INFO] 2025-05-25 15:28:12.957 [General] - Starte easyDNS WPF GUI...
[INFO] 2025-05-25 15:28:12.978 [General] - Erkannter DNS-Server: localhost
[INFO] 2025-05-25 15:28:13.083 [General] - easyDNS WPF gestartet
[INFO] 2025-05-25 15:28:13.114 [General] - Stelle automatische Verbindung zu lokalem DNS-Server her...
[INFO] 2025-05-25 15:28:13.293 [General] - Automatische Verbindung zu lokalem DNS-Server erfolgreich
[INFO] 2025-05-25 15:28:15.423 [DNS] - DNS-Zonen abgerufen: 6 Zonen von Server localhost
[INFO] 2025-05-25 15:28:25.411 [Shutdown] - Performance-Statistiken:
[INFO] 2025-05-25 15:28:25.427 [Shutdown] - - Operationen: 2
[INFO] 2025-05-25 15:28:25.437 [Shutdown] - - Fehler: 0
[INFO] 2025-05-25 15:28:25.443 [Shutdown] - - Fehlerrate: 0%
[INFO] 2025-05-25 15:28:25.456 [Shutdown] - easyDNS WPF beendet
[INFO] 2025-05-25 15:32:26.703 [Detection] - Lokaler DNS-Server erkannt - Automatische Verbindung wird hergestellt
[INFO] 2025-05-25 15:32:27.158 [General] - WPF XAML erfolgreich geladen
[INFO] 2025-05-25 15:32:27.210 [General] - Starte easyDNS WPF GUI...
[INFO] 2025-05-25 15:32:27.243 [General] - Erkannter DNS-Server: localhost
[INFO] 2025-05-25 15:32:27.292 [General] - easyDNS WPF gestartet
[INFO] 2025-05-25 15:32:27.331 [General] - Stelle automatische Verbindung zu lokalem DNS-Server her...
[INFO] 2025-05-25 15:32:27.497 [General] - Automatische Verbindung zu lokalem DNS-Server erfolgreich
[INFO] 2025-05-25 15:32:29.624 [DNS] - DNS-Zonen abgerufen: 6 Zonen von Server localhost
[INFO] 2025-05-25 15:32:39.261 [Shutdown] - Performance-Statistiken:
[INFO] 2025-05-25 15:32:39.282 [Shutdown] - - Operationen: 2
[INFO] 2025-05-25 15:32:39.289 [Shutdown] - - Fehler: 0
[INFO] 2025-05-25 15:32:39.300 [Shutdown] - - Fehlerrate: 0%
[INFO] 2025-05-25 15:32:39.311 [Shutdown] - easyDNS WPF beendet
[INFO] 2025-05-25 15:34:29.398 [Detection] - Lokaler DNS-Server erkannt - Automatische Verbindung wird hergestellt
[INFO] 2025-05-25 15:34:29.851 [General] - WPF XAML erfolgreich geladen
[INFO] 2025-05-25 15:34:29.891 [General] - Starte easyDNS WPF GUI...
[INFO] 2025-05-25 15:34:29.926 [General] - Erkannter DNS-Server: localhost
[INFO] 2025-05-25 15:34:29.967 [General] - easyDNS WPF gestartet
[INFO] 2025-05-25 15:34:29.981 [General] - Stelle automatische Verbindung zu lokalem DNS-Server her...
[INFO] 2025-05-25 15:34:30.140 [General] - Automatische Verbindung zu lokalem DNS-Server erfolgreich
[INFO] 2025-05-25 15:34:32.271 [DNS] - DNS-Zonen abgerufen: 6 Zonen von Server localhost
[INFO] 2025-05-25 15:34:41.312 [Shutdown] - Performance-Statistiken:
[INFO] 2025-05-25 15:34:41.325 [Shutdown] - - Operationen: 2
[INFO] 2025-05-25 15:34:41.337 [Shutdown] - - Fehler: 0
[INFO] 2025-05-25 15:34:41.343 [Shutdown] - - Fehlerrate: 0%
[INFO] 2025-05-25 15:34:41.353 [Shutdown] - easyDNS WPF beendet
